<?xml version="1.0" encoding="UTF-8"?>
<!-- Generated by org.testng.reporters.JUnitXMLReporter -->
<testsuite ignored="0" hostname="DESKTOP-L3A7DE7" failures="0" tests="5" name="Default test" time="34.757" errors="0" timestamp="2025-09-07T14:22:32 IST">
  <testcase classname="tutorialsninja.register.TC_RF_018_1" name="verifyBoundaryValuesOfFieldsOnREgisterAccountPage" time="5.084"/>
  <testcase classname="tutorialsninja.register.TC_RF_018_1" name="verifyBoundaryValuesOfFieldsOnREgisterAccountPage" time="9.619"/>
  <testcase classname="tutorialsninja.register.TC_RF_018_1" name="verifyBoundaryValuesOfFieldsOnREgisterAccountPage" time="5.399"/>
  <testcase classname="tutorialsninja.register.TC_RF_018_1" name="verifyBoundaryValuesOfFieldsOnREgisterAccountPage" time="6.855"/>
  <testcase classname="tutorialsninja.register.TC_RF_018_1" name="verifyBoundaryValuesOfFieldsOnREgisterAccountPage" time="7.734"/>
</testsuite> <!-- Default test -->
