<?xml version="1.0" encoding="UTF-8"?>
<!-- Generated by org.testng.reporters.JUnitXMLReporter -->
<testsuite ignored="0" hostname="DESKTOP-L3A7DE7" failures="5" tests="18" name="Test" time="161.129" errors="0" timestamp="2025-08-31T09:26:07 IST">
  <testcase classname="tutorialsninja.register.TC_RF_007" name="validateDifferentWaysOfNavigatingToRegisterPage" time="7.088"/>
  <testcase classname="tutorialsninja.register.TC_RF_006" name="registerAccountWithAllFieldsAndYesOptionSelectionAndNewsletterSubscriptionNovalidation" time="7.179"/>
  <testcase classname="tutorialsninja.register.TC_RF_016" name="verifyComplexityOfPassword" time="3.862">
    <failure type="java.lang.AssertionError" message="The following asserts failed:
	Not Matched the string expected [Password is not as per the requirements, it should be 8 characterlong and combination of digits, spacial character and alphabets] but found [Your Account Has Been Created!]">
      <![CDATA[java.lang.AssertionError: The following asserts failed:
Not Matched the string expected [Password is not as per the requirements, it should be 8 characterlong and combination of digits, spacial character and alphabets] but found [Your Account Has Been Created!]
at tutorialsninja.register.TC_RF_016.verifyComplexityOfPassword(TC_RF_016.java:41)
at java.base/java.util.ArrayList.forEach(ArrayList.java:1596)
... Removed 27 stack frames]]>
    </failure>
  </testcase> <!-- verifyComplexityOfPassword -->
  <testcase classname="tutorialsninja.register.TC_RF_016" name="verifyComplexityOfPassword" time="3.666">
    <failure type="java.lang.AssertionError" message="The following asserts failed:
	Not Matched the string expected [Password is not as per the requirements, it should be 8 characterlong and combination of digits, spacial character and alphabets] but found [Your Account Has Been Created!]">
      <![CDATA[java.lang.AssertionError: The following asserts failed:
Not Matched the string expected [Password is not as per the requirements, it should be 8 characterlong and combination of digits, spacial character and alphabets] but found [Your Account Has Been Created!]
at tutorialsninja.register.TC_RF_016.verifyComplexityOfPassword(TC_RF_016.java:41)
at java.base/java.util.ArrayList.forEach(ArrayList.java:1596)
... Removed 27 stack frames]]>
    </failure>
  </testcase> <!-- verifyComplexityOfPassword -->
  <testcase classname="tutorialsninja.register.TC_RF_016" name="verifyComplexityOfPassword" time="3.509">
    <failure type="java.lang.AssertionError" message="The following asserts failed:
	Not Matched the string expected [Password is not as per the requirements, it should be 8 characterlong and combination of digits, spacial character and alphabets] but found [Your Account Has Been Created!]">
      <![CDATA[java.lang.AssertionError: The following asserts failed:
Not Matched the string expected [Password is not as per the requirements, it should be 8 characterlong and combination of digits, spacial character and alphabets] but found [Your Account Has Been Created!]
at tutorialsninja.register.TC_RF_016.verifyComplexityOfPassword(TC_RF_016.java:41)
at java.base/java.util.ArrayList.forEach(ArrayList.java:1596)
... Removed 27 stack frames]]>
    </failure>
  </testcase> <!-- verifyComplexityOfPassword -->
  <testcase classname="tutorialsninja.register.TC_RF_016" name="verifyComplexityOfPassword" time="3.819">
    <failure type="java.lang.AssertionError" message="The following asserts failed:
	Not Matched the string expected [Password is not as per the requirements, it should be 8 characterlong and combination of digits, spacial character and alphabets] but found [Your Account Has Been Created!]">
      <![CDATA[java.lang.AssertionError: The following asserts failed:
Not Matched the string expected [Password is not as per the requirements, it should be 8 characterlong and combination of digits, spacial character and alphabets] but found [Your Account Has Been Created!]
at tutorialsninja.register.TC_RF_016.verifyComplexityOfPassword(TC_RF_016.java:41)
at java.base/java.util.ArrayList.forEach(ArrayList.java:1596)
... Removed 27 stack frames]]>
    </failure>
  </testcase> <!-- verifyComplexityOfPassword -->
  <testcase classname="tutorialsninja.register.TC_RF_016" name="verifyComplexityOfPassword" time="3.733">
    <failure type="java.lang.AssertionError" message="The following asserts failed:
	Not Matched the string expected [Password is not as per the requirements, it should be 8 characterlong and combination of digits, spacial character and alphabets] but found [Your Account Has Been Created!]">
      <![CDATA[java.lang.AssertionError: The following asserts failed:
Not Matched the string expected [Password is not as per the requirements, it should be 8 characterlong and combination of digits, spacial character and alphabets] but found [Your Account Has Been Created!]
at tutorialsninja.register.TC_RF_016.verifyComplexityOfPassword(TC_RF_016.java:41)
at java.base/java.util.ArrayList.forEach(ArrayList.java:1596)
... Removed 27 stack frames]]>
    </failure>
  </testcase> <!-- verifyComplexityOfPassword -->
  <testcase classname="tutorialsninja.register.TC_RF_005" name="registerAccountWithAllFieldsAndYesOptionSelectionAndNewsletterSubscriptionYesValidation" time="5.9"/>
  <testcase classname="tutorialsninja.register.TC_RF_015" name="verifySpaceIsNotAllowedInRegisterAccountPafeFields" time="3.963"/>
  <testcase classname="tutorialsninja.register.TC_RF_004" name="validationOfAllMandatoryfieldsWarningMessages" time="3.161"/>
  <testcase classname="tutorialsninja.register.TC_RF_014" name="verifyAshtricMandatoryOnRegisterAccountFields" time="3.716"/>
  <testcase classname="tutorialsninja.register.TC_RF_003" name="verifyRegisteringAccountWithMandatoryFieldsAndSoftAssert" time="10.591"/>
  <testcase classname="tutorialsninja.register.TC_RF_004_1" name="validationOfAllMandatoryfieldsWarningMessagesWithAgreedStatement" time="4.735"/>
  <testcase classname="tutorialsninja.register.TC_RF_013" name="verifyPlaceholderValuesOnRegisterAccountPage" time="2.869"/>
  <testcase classname="tutorialsninja.register.TC_RF_002" name="amazonInGetPasscodefromGmail" time="56.857"/>
  <testcase classname="tutorialsninja.register.TC_RF_001" name="verifyRegisteringAccountWithMandatoryFields" time="5.489"/>
  <testcase classname="tutorialsninja.register.TC_RF_012" name="registerAccountUsingKeyboardKeys" time="5.871"/>
  <testcase classname="tutorialsninja.register.TC_RF_010" name="validateRegisterAccountByProvidingInvalidEmail" time="23.383"/>
</testsuite> <!-- Test -->
