<?xml version="1.0" encoding="UTF-8"?>
<testng-results ignored="0" total="5" passed="5" failed="0" skipped="0">
  <reporter-output>
  </reporter-output>
  <suite started-at="2025-09-07T14:21:58 IST" name="Default suite" finished-at="2025-09-07T14:22:32 IST" duration-ms="34757">
    <groups>
    </groups>
    <test started-at="2025-09-07T14:21:58 IST" name="Default test" finished-at="2025-09-07T14:22:32 IST" duration-ms="34757">
      <class name="tutorialsninja.register.TC_RF_018_1">
        <test-method signature="verifyBoundaryValuesOfFieldsOnREgisterAccountPage(java.lang.String,java.lang.String,java.lang.String,java.lang.String,java.lang.String,java.lang.String)[pri:0, instance:tutorialsninja.register.TC_RF_018_1@6771beb3]" started-at="2025-09-07T14:21:58 IST" name="verifyBoundaryValuesOfFieldsOnREgisterAccountPage" data-provider="userdata" finished-at="2025-09-07T14:22:03 IST" duration-ms="5084" status="PASS">
          <params>
            <param index="0">
              <value>
                <![CDATA[]]>
              </value>
            </param>
            <param index="1">
              <value>
                <![CDATA[]]>
              </value>
            </param>
            <param index="2">
              <value>
                <![CDATA[]]>
              </value>
            </param>
            <param index="3">
              <value>
                <![CDATA[ ]]>
              </value>
            </param>
            <param index="4">
              <value>
                <![CDATA[ ]]>
              </value>
            </param>
            <param index="5">
              <value>
                <![CDATA[ ]]>
              </value>
            </param>
          </params>
          <reporter-output>
          </reporter-output>
        </test-method> <!-- verifyBoundaryValuesOfFieldsOnREgisterAccountPage -->
        <test-method signature="verifyBoundaryValuesOfFieldsOnREgisterAccountPage(java.lang.String,java.lang.String,java.lang.String,java.lang.String,java.lang.String,java.lang.String)[pri:0, instance:tutorialsninja.register.TC_RF_018_1@6771beb3]" started-at="2025-09-07T14:22:03 IST" name="verifyBoundaryValuesOfFieldsOnREgisterAccountPage" data-provider="userdata" finished-at="2025-09-07T14:22:12 IST" duration-ms="9619" status="PASS">
          <params>
            <param index="0">
              <value>
                <![CDATA[P]]>
              </value>
            </param>
            <param index="1">
              <value>
                <![CDATA[R]]>
              </value>
            </param>
            <param index="2">
              <value>
                <![CDATA[A]]>
              </value>
            </param>
            <param index="3">
              <value>
                <![CDATA[V]]>
              </value>
            </param>
            <param index="4">
              <value>
                <![CDATA[E]]>
              </value>
            </param>
            <param index="5">
              <value>
                <![CDATA[E]]>
              </value>
            </param>
          </params>
          <reporter-output>
          </reporter-output>
        </test-method> <!-- verifyBoundaryValuesOfFieldsOnREgisterAccountPage -->
        <test-method signature="verifyBoundaryValuesOfFieldsOnREgisterAccountPage(java.lang.String,java.lang.String,java.lang.String,java.lang.String,java.lang.String,java.lang.String)[pri:0, instance:tutorialsninja.register.TC_RF_018_1@6771beb3]" started-at="2025-09-07T14:22:12 IST" name="verifyBoundaryValuesOfFieldsOnREgisterAccountPage" data-provider="userdata" finished-at="2025-09-07T14:22:18 IST" duration-ms="5399" status="PASS">
          <params>
            <param index="0">
              <value>
                <![CDATA[PR]]>
              </value>
            </param>
            <param index="1">
              <value>
                <![CDATA[RR]]>
              </value>
            </param>
            <param index="2">
              <value>
                <![CDATA[CALL]]>
              </value>
            </param>
            <param index="3">
              <value>
                <![CDATA[VET]]>
              </value>
            </param>
            <param index="4">
              <value>
                <![CDATA[EERT]]>
              </value>
            </param>
            <param index="5">
              <value>
                <![CDATA[EERT]]>
              </value>
            </param>
          </params>
          <reporter-output>
          </reporter-output>
        </test-method> <!-- verifyBoundaryValuesOfFieldsOnREgisterAccountPage -->
        <test-method signature="verifyBoundaryValuesOfFieldsOnREgisterAccountPage(java.lang.String,java.lang.String,java.lang.String,java.lang.String,java.lang.String,java.lang.String)[pri:0, instance:tutorialsninja.register.TC_RF_018_1@6771beb3]" started-at="2025-09-07T14:22:18 IST" name="verifyBoundaryValuesOfFieldsOnREgisterAccountPage" data-provider="userdata" finished-at="2025-09-07T14:22:25 IST" duration-ms="6855" status="PASS">
          <params>
            <param index="0">
              <value>
                <![CDATA[qwertyuiopasdfghjklzxcvbnm123456]]>
              </value>
            </param>
            <param index="1">
              <value>
                <![CDATA[qwertyuiopasdfghjklzxcvbnm123456]]>
              </value>
            </param>
            <param index="2">
              <value>
                <![CDATA[CALL]]>
              </value>
            </param>
            <param index="3">
              <value>
                <![CDATA[qwertyuiopasdfghjklzxcvbnm123456]]>
              </value>
            </param>
            <param index="4">
              <value>
                <![CDATA[EERT1234567890oiuytr]]>
              </value>
            </param>
            <param index="5">
              <value>
                <![CDATA[EERT1234567890oiuytr]]>
              </value>
            </param>
          </params>
          <reporter-output>
          </reporter-output>
        </test-method> <!-- verifyBoundaryValuesOfFieldsOnREgisterAccountPage -->
        <test-method signature="verifyBoundaryValuesOfFieldsOnREgisterAccountPage(java.lang.String,java.lang.String,java.lang.String,java.lang.String,java.lang.String,java.lang.String)[pri:0, instance:tutorialsninja.register.TC_RF_018_1@6771beb3]" started-at="2025-09-07T14:22:25 IST" name="verifyBoundaryValuesOfFieldsOnREgisterAccountPage" data-provider="userdata" finished-at="2025-09-07T14:22:32 IST" duration-ms="7734" status="PASS">
          <params>
            <param index="0">
              <value>
                <![CDATA[qwertyuiopasdfghjklzxcvbnm1234566]]>
              </value>
            </param>
            <param index="1">
              <value>
                <![CDATA[qwertyuiopasdfghjklzxcvbnm1234566]]>
              </value>
            </param>
            <param index="2">
              <value>
                <![CDATA[CALL]]>
              </value>
            </param>
            <param index="3">
              <value>
                <![CDATA[qwertyuiopasdfghjklzxcvbnm1234566]]>
              </value>
            </param>
            <param index="4">
              <value>
                <![CDATA[EERT1234567890oiuytr4]]>
              </value>
            </param>
            <param index="5">
              <value>
                <![CDATA[EERT1234567890oiuytr4]]>
              </value>
            </param>
          </params>
          <reporter-output>
          </reporter-output>
        </test-method> <!-- verifyBoundaryValuesOfFieldsOnREgisterAccountPage -->
      </class> <!-- tutorialsninja.register.TC_RF_018_1 -->
    </test> <!-- Default test -->
  </suite> <!-- Default suite -->
</testng-results>
